<?xml version="1.0" encoding="UTF-8"?>
<testsuite xmlns:xsi="http://www.w3.org/2001/XMLSchema-instance" xsi:noNamespaceSchemaLocation="https://maven.apache.org/surefire/maven-surefire-plugin/xsd/surefire-test-report-3.0.xsd" version="3.0" name="com.example.demo.SpringKakaDemoApplicationTests" time="1.583" tests="1" errors="0" skipped="0" failures="0">
  <properties>
[...]
</properties>
  <testcase name="contextLoads" classname="com.example.demo.SpringKakaDemoApplicationTests" time="0.434">
    <system-out><![CDATA[07:07:48.921 [main] INFO org.springframework.test.context.support.AnnotationConfigContextLoaderUtils -- Could not detect default configuration classes for test class [com.example.demo.SpringKakaDemoApplicationTests]: SpringKakaDemoApplicationTests does not declare any static, non-private, non-final, nested classes annotated with @Configuration.
07:07:48.974 [main] INFO org.springframework.boot.test.context.SpringBootTestContextBootstrapper -- Found @SpringBootConfiguration com.example.demo.SpringKakaDemoApplication for test class com.example.demo.SpringKakaDemoApplicationTests

  .   ____          _            __ _ _
 /\\ / ___'_ __ _ _(_)_ __  __ _ \ \ \ \
( ( )\___ | '_ | '_| | '_ \/ _` | \ \ \ \
 \\/  ___)| |_)| | | | | || (_| |  ) ) ) )
  '  |____| .__|_| |_|_| |_\__, | / / / /
 =========|_|==============|___/=/_/_/_/

 :: Spring Boot ::                (v3.3.2)

2024-07-26T07:07:49.205+01:00  INFO 17014 --- [spring-kaka-demo] [           main] c.e.demo.SpringKakaDemoApplicationTests  : Starting SpringKakaDemoApplicationTests using Java 22.0.1 with PID 17014 (started by matipamarufu in /Users/matipamarufu/Documents/E-Solutions/SpringProjects/spring_kafka_demo)
2024-07-26T07:07:49.206+01:00  INFO 17014 --- [spring-kaka-demo] [           main] c.e.demo.SpringKakaDemoApplicationTests  : No active profile set, falling back to 1 default profile: "default"
2024-07-26T07:07:49.994+01:00  INFO 17014 --- [spring-kaka-demo] [           main] c.e.demo.SpringKakaDemoApplicationTests  : Started SpringKakaDemoApplicationTests in 0.946 seconds (process running for 1.496)
]]></system-out>
    <system-err><![CDATA[Jul 26, 2024 7:07:48 AM org.junit.platform.launcher.core.LauncherConfigurationParameters loadClasspathResource
WARNING: Discovered 2 'junit-platform.properties' configuration files in the classpath; only the first will be used.
Jul 26, 2024 7:07:48 AM org.junit.platform.launcher.core.LauncherConfigurationParameters loadClasspathResource
WARNING: Discovered 2 'junit-platform.properties' configuration files in the classpath; only the first will be used.
Jul 26, 2024 7:07:48 AM org.junit.platform.launcher.core.LauncherConfigurationParameters loadClasspathResource
WARNING: Discovered 2 'junit-platform.properties' configuration files in the classpath; only the first will be used.
WARNING: A Java agent has been loaded dynamically (/Users/matipamarufu/.m2/repository/net/bytebuddy/byte-buddy-agent/1.14.18/byte-buddy-agent-1.14.18.jar)
WARNING: If a serviceability tool is in use, please run with -XX:+EnableDynamicAgentLoading to hide this warning
WARNING: If a serviceability tool is not in use, please run with -Djdk.instrument.traceUsage for more information
WARNING: Dynamic loading of agents will be disallowed by default in a future release
]]></system-err>
  </testcase>
</testsuite>